#-----------------------------------------------------------
# Vivado v2025.2.1 (64-bit)
# SW Build 6403652 on Thu Mar 19 19:48:24 GMT 2026
# IP Build 6403511 on Thu Mar 19 12:41:45 MDT 2026
# SharedData Build 6403650 on Thu Mar 19 14:02:13 MDT 2026
# Start of session at: Mon Jun  8 13:48:09 2026
# Process ID         : 14004
# Current directory  : E:/GMW_CPU
# Command line       : vivado.exe -mode batch -source E:\GMW_CPU\codex_io\vivado\program_cfgmem_and_boot.tcl -journal E:\GMW_CPU\codex_io\logs\program_100t_cfgmem_result_accum_fix_retry_20260608.jou -log E:\GMW_CPU\codex_io\logs\program_100t_cfgmem_result_accum_fix_retry_20260608.log -tclargs 210319BE046FA xc7a100t_0 s25fl128sxxxxxx0-spi-x1_x2_x4 E:\GMW_CPU\arty_a7_fabric\project_100T\config_100t.mcs E:\GMW_CPU\arty_a7_fabric\project_100T\project_100T.runs\impl_1\top_arty_a7_tile.bit
# Log file           : E:/GMW_CPU/codex_io/logs/program_100t_cfgmem_result_accum_fix_retry_20260608.log
# Journal file       : E:\GMW_CPU\codex_io\logs\program_100t_cfgmem_result_accum_fix_retry_20260608.jou
# Running On         : DESKTOP-0K9PCGL
# Platform           : Windows Server 2016 or Windows 10
# Operating System   : 19045
# Processor Detail   : Intel(R) Core(TM) i7-7700K CPU @ 4.20GHz
# CPU Frequency      : 4200 MHz
# CPU Physical cores : 4
# CPU Logical cores  : 8
# Host memory        : 34268 MB
# Swap memory        : 33554 MB
# Total Virtual      : 67823 MB
# Available Virtual  : 54046 MB
#-----------------------------------------------------------
source {E:\GMW_CPU\codex_io\vivado\program_cfgmem_and_boot.tcl}
# if {$argc < 5} {
#     puts "Usage: program_cfgmem_and_boot.tcl <target-serial-substr> <device-glob> <cfgmem-part> <mcs-file> <bit-file>"
#     exit 1
# }
# set target_match [lindex $argv 0]
# set device_glob  [lindex $argv 1]
# set cfgmem_part  [lindex $argv 2]
# set mcs_file     [file normalize [lindex $argv 3]]
# set bit_file     [file normalize [lindex $argv 4]]
# open_hw_manager
open_hw_manager: Time (s): cpu = 00:00:18 ; elapsed = 00:00:11 . Memory (MB): peak = 589.074 ; gain = 223.473
# connect_hw_server -allow_non_jtag
INFO: [Labtools 27-2285] Connecting to hw_server url TCP:localhost:3121
INFO: [Labtools 27-3415] Connecting to cs_server url TCP:localhost:0
INFO: [Labtools 27-3417] Launching cs_server...
INFO: [Labtools 27-2221] Launch Output:
Cannot send datagram packet to /10.5.0.255
OSError: [WinError 10022] An invalid argument was supplied
  File "chipscopy\tcf\services\local\LocatorService.py", line 706, in __sendDatagramPacket


******** Xilinx cs_server v2025.2.0
  ****** Build date   : Nov 13 2025-23:16:52
    **** Build number : 2025.2.1763075812
      ** Copyright 2017-2022 Xilinx, Inc. All Rights Reserved.
      ** Copyright 2022-2026 Advanced Micro Devices, Inc. All Rights Reserved.



connect_hw_server: Time (s): cpu = 00:00:00 ; elapsed = 00:00:07 . Memory (MB): peak = 596.000 ; gain = 6.926
# set selected_target ""
# foreach target [get_hw_targets] {
#     set name [get_property NAME $target]
#     if {[string first $target_match $name] >= 0} {
#         set selected_target $target
#         break
#     }
# }
# if {$selected_target eq ""} {
#     puts "No hw target matched '$target_match'"
#     puts "Available targets:"
#     foreach target [get_hw_targets] {
#         puts "  [get_property NAME $target]"
#     }
#     exit 1
# }
# puts "Opening target [get_property NAME $selected_target]"
Opening target localhost:3121/xilinx_tcf/Digilent/210319BE046FA
# open_hw_target $selected_target
INFO: [Labtoolstcl 44-466] Opening hw_target localhost:3121/xilinx_tcf/Digilent/210319BE046FA
# set devices [get_hw_devices $device_glob]
# if {[llength $devices] == 0} {
#     puts "No hw device matched '$device_glob'"
#     puts "Available devices:"
#     foreach dev [get_hw_devices] {
#         puts "  [get_property NAME $dev] [get_property PART $dev]"
#     }
#     exit 1
# }
# set dev [lindex $devices 0]
# current_hw_device $dev
# refresh_hw_device -update_hw_probes false $dev
INFO: [Labtools 27-1434] Device xc7a100t (JTAG device index = 0) is programmed with a design that has no supported soft debug core(s) in it.
# puts "Programming cfgmem for [get_property NAME $dev] ([get_property PART $dev])"
Programming cfgmem for xc7a100t_0 (xc7a100t)
# puts "  cfgmem: $cfgmem_part"
  cfgmem: s25fl128sxxxxxx0-spi-x1_x2_x4
# puts "  mcs:    $mcs_file"
  mcs:    E:/GMW_CPU/arty_a7_fabric/project_100T/config_100t.mcs
# puts "  bit:    $bit_file"
  bit:    E:/GMW_CPU/arty_a7_fabric/project_100T/project_100T.runs/impl_1/top_arty_a7_tile.bit
# set_property PROGRAM.FILE $bit_file $dev
# if {[catch {create_hw_cfgmem -hw_device $dev [lindex [get_cfgmem_parts $cfgmem_part] 0]} err]} {
#     puts "create_hw_cfgmem failed: $err"
#     exit 1
# }
# set cfgmem [get_property PROGRAM.HW_CFGMEM $dev]
# set_property PROGRAM.ADDRESS_RANGE {use_file} $cfgmem
# set_property PROGRAM.FILES [list $mcs_file] $cfgmem
# set_property PROGRAM.PRM_FILE {} $cfgmem
# set_property PROGRAM.UNUSED_PIN_TERMINATION {pull-none} $cfgmem
# set_property PROGRAM.BLANK_CHECK 0 $cfgmem
# set_property PROGRAM.ERASE 1 $cfgmem
# set_property PROGRAM.CFG_PROGRAM 1 $cfgmem
# set_property PROGRAM.VERIFY 1 $cfgmem
# puts "Programming FPGA with access bitstream before cfgmem operation"
Programming FPGA with access bitstream before cfgmem operation
# program_hw_devices $dev
INFO: [Labtools 27-3164] End of startup status: HIGH
# refresh_hw_device -update_hw_probes false $dev
INFO: [Labtools 27-2302] Device xc7a100t (JTAG device index = 0) is programmed with a design that has 1 SPI core(s).
# program_hw_cfgmem -hw_cfgmem $cfgmem
Mfg ID : 1   Memory Type : 20   Memory Capacity : 18   Device ID 1 : 0   Device ID 2 : 0
Performing Erase Operation...
Erase Operation successful.
Performing Program and Verify Operations...
Program/Verify Operation successful.
INFO: [Labtoolstcl 44-377] Flash programming completed successfully
program_hw_cfgmem: Time (s): cpu = 00:00:00 ; elapsed = 00:01:05 . Memory (MB): peak = 680.059 ; gain = 0.000
# puts "Booting FPGA from programmed configuration memory"
Booting FPGA from programmed configuration memory
# boot_hw_device $dev
INFO: [Labtoolstcl 44-664] Will wait up to 180 seconds for booting to complete.
INFO: [Labtools 27-32] Done pin status: HIGH
# close_hw_target $selected_target
INFO: [Labtoolstcl 44-464] Closing hw_target localhost:3121/xilinx_tcf/Digilent/210319BE046FA
# close_hw_manager
INFO: [Common 17-206] Exiting Vivado at Mon Jun  8 13:49:43 2026...
