#-----------------------------------------------------------
# xsim v2025.2.1 (64-bit)
# SW Build 6403652 on Thu Mar 19 19:48:24 GMT 2026
# IP Build 6403511 on Thu Mar 19 12:41:45 MDT 2026
# SharedData Build 6403650 on Thu Mar 19 14:02:13 MDT 2026
# Start of session at: Sat Jun  6 21:55:07 2026
# Process ID         : 19060
# Current directory  : <workspace>/results/acceptance/20260606_full_final_acceptance/rtl
# Command line       : xsim.exe -log xsim.log -mode tcl -source {xsim.dir/tb_mts_dimensional_kernel_sim/xsim_script.tcl}
# Log file           : <workspace>/results/acceptance/20260606_full_final_acceptance/rtl/xsim.log
# Journal file       : <workspace>/results/acceptance/20260606_full_final_acceptance/rtl\xsim.jou
# Running On         : DESKTOP-0K9PCGL
# Platform           : Windows Server 2016 or Windows 10
# Operating System   : 19045
# Host Detail   : Intel(R) Core(TM) i7-7700K reference model @ 4.20GHz
# reference model Frequency      : 4200 MHz
# reference model Physical cores : 4
# reference model Logical cores  : 8
# Host memory        : 34268 MB
# Swap memory        : 33554 MB
# Total Virtual      : 67823 MB
# Available Virtual  : 50369 MB
#-----------------------------------------------------------
source xsim.dir/tb_mts_dimensional_kernel_sim/xsim_script.tcl
# xsim {tb_mts_dimensional_kernel_sim} -autoloadwcfg -runall
Time resolution is 1 ps
run -all
PASS passthrough mode=1 points=1 steps=1 cycles=1047
PASS passthrough mode=1 points=7 steps=2 cycles=1294
PASS passthrough mode=1 points=64 steps=7 cycles=9225
PASS passthrough mode=1 points=100 steps=1 cycles=3027
PASS passthrough mode=1 points=256 steps=1 cycles=6147
PASS passthrough mode=1 points=1024 steps=1 cycles=21507
PASS passthrough mode=2 points=1 steps=1 cycles=1053
PASS passthrough mode=2 points=16 steps=2 cycles=1828
PASS passthrough mode=2 points=256 steps=7 cycles=44553
PASS passthrough mode=2 points=1024 steps=1 cycles=27651
PASS passthrough mode=3 points=1 steps=1 cycles=1059
PASS passthrough mode=3 points=64 steps=2 cycles=4996
PASS passthrough mode=3 points=512 steps=7 cycles=109577
PASS passthrough mode=3 points=1000 steps=1 cycles=33027
PASS 1D laplace impulse cycles=1087
PASS 1D nonzero potential cycles=1087
PASS 1D normalized occupancy gx=7 cycles=1335
PASS 1D normalized nonzero potential gx=7 cycles=1335
PASS invalid mode=2 gx=33 gy=32 gz=1 status=00000142
PASS invalid mode=3 gx=11 gy=10 gz=10 status=00000143
PASS tb_mts_dimensional_kernel full-physics contract
$finish called at time : 3056935 ns : File "<workspace>/fpga/arty_a7/src/sim/tb_mts_dimensional_kernel.sv" Line 518
exit
INFO: [Common 17-206] Exiting xsim at Sat Jun  6 21:55:10 2026...
